2014-03-28 23:56:50.728 HelloWorld[5323:a0b] Multi-tasking -> Device: YES, App: YES
2014-03-28 23:56:51.088 HelloWorld[5323:a0b] Resetting plugins due to page load.
2014-03-28 23:56:51.192 HelloWorld[5323:a0b] Finished load of: file:///Users/jcoudsi/Library/Application%20Support/iPhone%20Simulator/7.0.3/Applications/B4240C88-DA12-44C9-A8D3-F2DA00E945AD/HelloWorld.app/www/index.html
2014-03-29 00:06:52.700 HelloWorld[6151:a0b] Multi-tasking -> Device: YES, App: YES
2014-03-29 00:06:52.751 HelloWorld[6151:a0b] Resetting plugins due to page load.
2014-03-29 00:06:52.810 HelloWorld[6151:a0b] Finished load of: file:///Users/jcoudsi/Library/Application%20Support/iPhone%20Simulator/7.0.3/Applications/B4240C88-DA12-44C9-A8D3-F2DA00E945AD/HelloWorld.app/www/index.html
2014-03-29 00:07:17.256 HelloWorld[6353:a0b] Multi-tasking -> Device: YES, App: YES
2014-03-29 00:07:17.362 HelloWorld[6353:a0b] Resetting plugins due to page load.
2014-03-29 00:07:17.409 HelloWorld[6353:a0b] Finished load of: file:///Users/jcoudsi/Library/Application%20Support/iPhone%20Simulator/7.0.3/Applications/B4240C88-DA12-44C9-A8D3-F2DA00E945AD/HelloWorld.app/www/index.html
2014-03-29 00:18:57.087 HelloWorld[7125:a0b] Multi-tasking -> Device: YES, App: YES
2014-03-29 00:18:57.199 HelloWorld[7125:a0b] Resetting plugins due to page load.
2014-03-29 00:18:57.246 HelloWorld[7125:a0b] Finished load of: file:///Users/jcoudsi/Library/Application%20Support/iPhone%20Simulator/7.0.3/Applications/B4240C88-DA12-44C9-A8D3-F2DA00E945AD/HelloWorld.app/www/index.html
2014-03-29 00:27:13.936 HelloWorld[7786:a0b] Multi-tasking -> Device: YES, App: YES
2014-03-29 00:27:14.048 HelloWorld[7786:a0b] Resetting plugins due to page load.
2014-03-29 00:27:14.107 HelloWorld[7786:a0b] Finished load of: file:///Users/jcoudsi/Library/Application%20Support/iPhone%20Simulator/7.0.3/Applications/B4240C88-DA12-44C9-A8D3-F2DA00E945AD/HelloWorld.app/www/index.html
2014-03-29 00:28:10.763 HelloWorld[8141:a0b] Multi-tasking -> Device: YES, App: YES
2014-03-29 00:28:10.887 HelloWorld[8141:a0b] Resetting plugins due to page load.
2014-03-29 00:28:10.938 HelloWorld[8141:a0b] Finished load of: file:///Users/jcoudsi/Library/Application%20Support/iPhone%20Simulator/7.0.3/Applications/B4240C88-DA12-44C9-A8D3-F2DA00E945AD/HelloWorld.app/www/index.html
2014-03-29 00:38:16.194 HelloWorld[8858:a0b] Multi-tasking -> Device: YES, App: YES
2014-03-29 00:38:16.306 HelloWorld[8858:a0b] Resetting plugins due to page load.
2014-03-29 00:38:16.356 HelloWorld[8858:a0b] Finished load of: file:///Users/jcoudsi/Library/Application%20Support/iPhone%20Simulator/7.0.3/Applications/B4240C88-DA12-44C9-A8D3-F2DA00E945AD/HelloWorld.app/www/index.html
2014-03-29 00:38:51.153 HelloWorld[9208:a0b] Multi-tasking -> Device: YES, App: YES
2014-03-29 00:38:51.276 HelloWorld[9208:a0b] Resetting plugins due to page load.
2014-03-29 00:38:51.326 HelloWorld[9208:a0b] Finished load of: file:///Users/jcoudsi/Library/Application%20Support/iPhone%20Simulator/7.0.3/Applications/B4240C88-DA12-44C9-A8D3-F2DA00E945AD/HelloWorld.app/www/index.html
2014-03-29 00:39:23.564 HelloWorld[9561:a0b] Multi-tasking -> Device: YES, App: YES
2014-03-29 00:39:23.696 HelloWorld[9561:a0b] Resetting plugins due to page load.
2014-03-29 00:39:23.746 HelloWorld[9561:a0b] Finished load of: file:///Users/jcoudsi/Library/Application%20Support/iPhone%20Simulator/7.0.3/Applications/B4240C88-DA12-44C9-A8D3-F2DA00E945AD/HelloWorld.app/www/index.html
2014-03-29 00:40:32.571 HelloWorld[9936:a0b] Multi-tasking -> Device: YES, App: YES
2014-03-29 00:40:32.687 HelloWorld[9936:a0b] Resetting plugins due to page load.
2014-03-29 00:40:32.732 HelloWorld[9936:a0b] Finished load of: file:///Users/jcoudsi/Library/Application%20Support/iPhone%20Simulator/7.0.3/Applications/B4240C88-DA12-44C9-A8D3-F2DA00E945AD/HelloWorld.app/www/index.html
2014-03-29 00:41:06.507 HelloWorld[10286:a0b] Multi-tasking -> Device: YES, App: YES
2014-03-29 00:41:06.617 HelloWorld[10286:a0b] Resetting plugins due to page load.
2014-03-29 00:41:06.664 HelloWorld[10286:a0b] Finished load of: file:///Users/jcoudsi/Library/Application%20Support/iPhone%20Simulator/7.0.3/Applications/B4240C88-DA12-44C9-A8D3-F2DA00E945AD/HelloWorld.app/www/index.html
2014-03-29 00:41:55.975 HelloWorld[10644:a0b] Multi-tasking -> Device: YES, App: YES
2014-03-29 00:41:56.084 HelloWorld[10644:a0b] Resetting plugins due to page load.
2014-03-29 00:43:37.715 HelloWorld[11035:a0b] Multi-tasking -> Device: YES, App: YES
2014-03-29 00:43:37.838 HelloWorld[11035:a0b] Resetting plugins due to page load.
2014-03-29 00:43:43.776 HelloWorld[11035:a0b] Finished load of: file:///Users/jcoudsi/Library/Application%20Support/iPhone%20Simulator/7.0.3/Applications/B4240C88-DA12-44C9-A8D3-F2DA00E945AD/HelloWorld.app/www/index.html
2014-03-29 00:44:16.901 HelloWorld[11389:a0b] Multi-tasking -> Device: YES, App: YES
2014-03-29 00:44:17.024 HelloWorld[11389:a0b] Resetting plugins due to page load.
2014-03-29 00:44:18.937 HelloWorld[11389:a0b] Finished load of: file:///Users/jcoudsi/Library/Application%20Support/iPhone%20Simulator/7.0.3/Applications/B4240C88-DA12-44C9-A8D3-F2DA00E945AD/HelloWorld.app/www/index.html
2014-03-29 00:51:43.202 HelloWorld[11987:a0b] Multi-tasking -> Device: YES, App: YES
2014-03-29 00:51:43.325 HelloWorld[11987:a0b] Resetting plugins due to page load.
2014-03-29 00:51:43.380 HelloWorld[11987:a0b] Finished load of: file:///Users/jcoudsi/Library/Application%20Support/iPhone%20Simulator/7.0.3/Applications/B4240C88-DA12-44C9-A8D3-F2DA00E945AD/HelloWorld.app/www/index.html
Mar 29 00:51:47 MacBook-Pro-de-Julien-Coudsi.local HelloWorld[11987] <Error>: CGContextSetFillColorWithColor: invalid context 0x0. This is a serious error. This application, or a library it uses, is using an invalid context  and is thereby contributing to an overall degradation of system stability and reliability. This notice is a courtesy: please fix this problem. It will become a fatal error in an upcoming update.
Mar 29 00:51:47 MacBook-Pro-de-Julien-Coudsi.local HelloWorld[11987] <Error>: CGContextSetStrokeColorWithColor: invalid context 0x0. This is a serious error. This application, or a library it uses, is using an invalid context  and is thereby contributing to an overall degradation of system stability and reliability. This notice is a courtesy: please fix this problem. It will become a fatal error in an upcoming update.
Mar 29 00:51:47 MacBook-Pro-de-Julien-Coudsi.local HelloWorld[11987] <Error>: CGContextSaveGState: invalid context 0x0. This is a serious error. This application, or a library it uses, is using an invalid context  and is thereby contributing to an overall degradation of system stability and reliability. This notice is a courtesy: please fix this problem. It will become a fatal error in an upcoming update.
Mar 29 00:51:47 MacBook-Pro-de-Julien-Coudsi.local HelloWorld[11987] <Error>: CGContextSetFlatness: invalid context 0x0. This is a serious error. This application, or a library it uses, is using an invalid context  and is thereby contributing to an overall degradation of system stability and reliability. This notice is a courtesy: please fix this problem. It will become a fatal error in an upcoming update.
Mar 29 00:51:47 MacBook-Pro-de-Julien-Coudsi.local HelloWorld[11987] <Error>: CGContextAddPath: invalid context 0x0. This is a serious error. This application, or a library it uses, is using an invalid context  and is thereby contributing to an overall degradation of system stability and reliability. This notice is a courtesy: please fix this problem. It will become a fatal error in an upcoming update.
Mar 29 00:51:47 MacBook-Pro-de-Julien-Coudsi.local HelloWorld[11987] <Error>: CGContextDrawPath: invalid context 0x0. This is a serious error. This application, or a library it uses, is using an invalid context  and is thereby contributing to an overall degradation of system stability and reliability. This notice is a courtesy: please fix this problem. It will become a fatal error in an upcoming update.
Mar 29 00:51:47 MacBook-Pro-de-Julien-Coudsi.local HelloWorld[11987] <Error>: CGContextRestoreGState: invalid context 0x0. This is a serious error. This application, or a library it uses, is using an invalid context  and is thereby contributing to an overall degradation of system stability and reliability. This notice is a courtesy: please fix this problem. It will become a fatal error in an upcoming update.
Mar 29 00:51:47 MacBook-Pro-de-Julien-Coudsi.local HelloWorld[11987] <Error>: CGContextSaveGState: invalid context 0x0. This is a serious error. This application, or a library it uses, is using an invalid context  and is thereby contributing to an overall degradation of system stability and reliability. This notice is a courtesy: please fix this problem. It will become a fatal error in an upcoming update.
Mar 29 00:51:47 MacBook-Pro-de-Julien-Coudsi.local HelloWorld[11987] <Error>: CGContextSetFlatness: invalid context 0x0. This is a serious error. This application, or a library it uses, is using an invalid context  and is thereby contributing to an overall degradation of system stability and reliability. This notice is a courtesy: please fix this problem. It will become a fatal error in an upcoming update.
Mar 29 00:51:47 MacBook-Pro-de-Julien-Coudsi.local HelloWorld[11987] <Error>: CGContextAddPath: invalid context 0x0. This is a serious error. This application, or a library it uses, is using an invalid context  and is thereby contributing to an overall degradation of system stability and reliability. This notice is a courtesy: please fix this problem. It will become a fatal error in an upcoming update.
Mar 29 00:51:47 MacBook-Pro-de-Julien-Coudsi.local HelloWorld[11987] <Error>: CGContextDrawPath: invalid context 0x0. This is a serious error. This application, or a library it uses, is using an invalid context  and is thereby contributing to an overall degradation of system stability and reliability. This notice is a courtesy: please fix this problem. It will become a fatal error in an upcoming update.
Mar 29 00:51:47 MacBook-Pro-de-Julien-Coudsi.local HelloWorld[11987] <Error>: CGContextRestoreGState: invalid context 0x0. This is a serious error. This application, or a library it uses, is using an invalid context  and is thereby contributing to an overall degradation of system stability and reliability. This notice is a courtesy: please fix this problem. It will become a fatal error in an upcoming update.
Mar 29 00:51:47 MacBook-Pro-de-Julien-Coudsi.local HelloWorld[11987] <Error>: CGContextSetFillColorWithColor: invalid context 0x0. This is a serious error. This application, or a library it uses, is using an invalid context  and is thereby contributing to an overall degradation of system stability and reliability. This notice is a courtesy: please fix this problem. It will become a fatal error in an upcoming update.
Mar 29 00:51:47 MacBook-Pro-de-Julien-Coudsi.local HelloWorld[11987] <Error>: CGContextSetStrokeColorWithColor: invalid context 0x0. This is a serious error. This application, or a library it uses, is using an invalid context  and is thereby contributing to an overall degradation of system stability and reliability. This notice is a courtesy: please fix this problem. It will become a fatal error in an upcoming update.
Mar 29 00:51:47 MacBook-Pro-de-Julien-Coudsi.local HelloWorld[11987] <Error>: CGContextSetFillColorWithColor: invalid context 0x0. This is a serious error. This application, or a library it uses, is using an invalid context  and is thereby contributing to an overall degradation of system stability and reliability. This notice is a courtesy: please fix this problem. It will become a fatal error in an upcoming update.
Mar 29 00:51:47 MacBook-Pro-de-Julien-Coudsi.local HelloWorld[11987] <Error>: CGContextSetStrokeColorWithColor: invalid context 0x0. This is a serious error. This application, or a library it uses, is using an invalid context  and is thereby contributing to an overall degradation of system stability and reliability. This notice is a courtesy: please fix this problem. It will become a fatal error in an upcoming update.
Mar 29 00:51:47 MacBook-Pro-de-Julien-Coudsi.local HelloWorld[11987] <Error>: CGContextGetBlendMode: invalid context 0x0. This is a serious error. This application, or a library it uses, is using an invalid context  and is thereby contributing to an overall degradation of system stability and reliability. This notice is a courtesy: please fix this problem. It will become a fatal error in an upcoming update.
Mar 29 00:51:47 MacBook-Pro-de-Julien-Coudsi.local HelloWorld[11987] <Error>: CGContextSetBlendMode: invalid context 0x0. This is a serious error. This application, or a library it uses, is using an invalid context  and is thereby contributing to an overall degradation of system stability and reliability. This notice is a courtesy: please fix this problem. It will become a fatal error in an upcoming update.
Mar 29 00:51:47 MacBook-Pro-de-Julien-Coudsi.local HelloWorld[11987] <Error>: CGContextFillRects: invalid context 0x0. This is a serious error. This application, or a library it uses, is using an invalid context  and is thereby contributing to an overall degradation of system stability and reliability. This notice is a courtesy: please fix this problem. It will become a fatal error in an upcoming update.
Mar 29 00:51:47 MacBook-Pro-de-Julien-Coudsi.local HelloWorld[11987] <Error>: CGContextSetBlendMode: invalid context 0x0. This is a serious error. This application, or a library it uses, is using an invalid context  and is thereby contributing to an overall degradation of system stability and reliability. This notice is a courtesy: please fix this problem. It will become a fatal error in an upcoming update.
Mar 29 00:51:47 MacBook-Pro-de-Julien-Coudsi.local HelloWorld[11987] <Error>: CGContextSetFillColorWithColor: invalid context 0x0. This is a serious error. This application, or a library it uses, is using an invalid context  and is thereby contributing to an overall degradation of system stability and reliability. This notice is a courtesy: please fix this problem. It will become a fatal error in an upcoming update.
Mar 29 00:51:47 MacBook-Pro-de-Julien-Coudsi.local HelloWorld[11987] <Error>: CGContextSetStrokeColorWithColor: invalid context 0x0. This is a serious error. This application, or a library it uses, is using an invalid context  and is thereby contributing to an overall degradation of system stability and reliability. This notice is a courtesy: please fix this problem. It will become a fatal error in an upcoming update.
Mar 29 00:51:47 MacBook-Pro-de-Julien-Coudsi.local HelloWorld[11987] <Error>: CGContextGetBlendMode: invalid context 0x0. This is a serious error. This application, or a library it uses, is using an invalid context  and is thereby contributing to an overall degradation of system stability and reliability. This notice is a courtesy: please fix this problem. It will become a fatal error in an upcoming update.
Mar 29 00:51:47 MacBook-Pro-de-Julien-Coudsi.local HelloWorld[11987] <Error>: CGContextSetBlendMode: invalid context 0x0. This is a serious error. This application, or a library it uses, is using an invalid context  and is thereby contributing to an overall degradation of system stability and reliability. This notice is a courtesy: please fix this problem. It will become a fatal error in an upcoming update.
Mar 29 00:51:47 MacBook-Pro-de-Julien-Coudsi.local HelloWorld[11987] <Error>: CGContextFillRects: invalid context 0x0. This is a serious error. This application, or a library it uses, is using an invalid context  and is thereby contributing to an overall degradation of system stability and reliability. This notice is a courtesy: please fix this problem. It will become a fatal error in an upcoming update.
Mar 29 00:51:47 MacBook-Pro-de-Julien-Coudsi.local HelloWorld[11987] <Error>: CGContextSetBlendMode: invalid context 0x0. This is a serious error. This application, or a library it uses, is using an invalid context  and is thereby contributing to an overall degradation of system stability and reliability. This notice is a courtesy: please fix this problem. It will become a fatal error in an upcoming update.
Mar 29 00:51:47 MacBook-Pro-de-Julien-Coudsi.local HelloWorld[11987] <Error>: CGContextSetFillColorWithColor: invalid context 0x0. This is a serious error. This application, or a library it uses, is using an invalid context  and is thereby contributing to an overall degradation of system stability and reliability. This notice is a courtesy: please fix this problem. It will become a fatal error in an upcoming update.
Mar 29 00:51:47 MacBook-Pro-de-Julien-Coudsi.local HelloWorld[11987] <Error>: CGContextSetStrokeColorWithColor: invalid context 0x0. This is a serious error. This application, or a library it uses, is using an invalid context  and is thereby contributing to an overall degradation of system stability and reliability. This notice is a courtesy: please fix this problem. It will become a fatal error in an upcoming update.
Mar 29 00:51:47 MacBook-Pro-de-Julien-Coudsi.local HelloWorld[11987] <Error>: CGContextGetBlendMode: invalid context 0x0. This is a serious error. This application, or a library it uses, is using an invalid context  and is thereby contributing to an overall degradation of system stability and reliability. This notice is a courtesy: please fix this problem. It will become a fatal error in an upcoming update.
Mar 29 00:51:47 MacBook-Pro-de-Julien-Coudsi.local HelloWorld[11987] <Error>: CGContextSetBlendMode: invalid context 0x0. This is a serious error. This application, or a library it uses, is using an invalid context  and is thereby contributing to an overall degradation of system stability and reliability. This notice is a courtesy: please fix this problem. It will become a fatal error in an upcoming update.
Mar 29 00:51:47 MacBook-Pro-de-Julien-Coudsi.local HelloWorld[11987] <Error>: CGContextFillRects: invalid context 0x0. This is a serious error. This application, or a library it uses, is using an invalid context  and is thereby contributing to an overall degradation of system stability and reliability. This notice is a courtesy: please fix this problem. It will become a fatal error in an upcoming update.
Mar 29 00:51:47 MacBook-Pro-de-Julien-Coudsi.local HelloWorld[11987] <Error>: CGContextSetBlendMode: invalid context 0x0. This is a serious error. This application, or a library it uses, is using an invalid context  and is thereby contributing to an overall degradation of system stability and reliability. This notice is a courtesy: please fix this problem. It will become a fatal error in an upcoming update.
2014-03-29 01:04:17.879 HelloWorld[12760:a0b] Multi-tasking -> Device: YES, App: YES
2014-03-29 01:04:17.998 HelloWorld[12760:a0b] Resetting plugins due to page load.
2014-03-29 01:04:18.055 HelloWorld[12760:a0b] Finished load of: file:///Users/jcoudsi/Library/Application%20Support/iPhone%20Simulator/7.0.3/Applications/B4240C88-DA12-44C9-A8D3-F2DA00E945AD/HelloWorld.app/www/index.html
2014-03-29 01:23:30.328 HelloWorld[13723:a0b] Multi-tasking -> Device: YES, App: YES
2014-03-29 01:23:30.437 HelloWorld[13723:a0b] Resetting plugins due to page load.
2014-03-29 01:23:30.495 HelloWorld[13723:a0b] Finished load of: file:///Users/jcoudsi/Library/Application%20Support/iPhone%20Simulator/7.0.3/Applications/B4240C88-DA12-44C9-A8D3-F2DA00E945AD/HelloWorld.app/www/index.html
2014-03-29 01:39:12.212 HelloWorld[14606:a0b] Multi-tasking -> Device: YES, App: YES
2014-03-29 01:39:12.316 HelloWorld[14606:a0b] Resetting plugins due to page load.
2014-03-29 01:39:12.361 HelloWorld[14606:a0b] Finished load of: file:///Users/jcoudsi/Library/Application%20Support/iPhone%20Simulator/7.0.3/Applications/B4240C88-DA12-44C9-A8D3-F2DA00E945AD/HelloWorld.app/www/index.html
2014-03-29 01:44:40.098 HelloWorld[16002:a0b] Multi-tasking -> Device: YES, App: YES
2014-03-29 01:44:40.213 HelloWorld[16002:a0b] Resetting plugins due to page load.
2014-03-29 01:44:40.260 HelloWorld[16002:a0b] Finished load of: file:///Users/jcoudsi/Library/Application%20Support/iPhone%20Simulator/7.0.3/Applications/B4240C88-DA12-44C9-A8D3-F2DA00E945AD/HelloWorld.app/www/index.html
2014-03-29 01:52:02.740 HelloWorld[16736:a0b] Multi-tasking -> Device: YES, App: YES
2014-03-29 01:52:02.865 HelloWorld[16736:a0b] Resetting plugins due to page load.
2014-03-29 01:52:02.911 HelloWorld[16736:a0b] Finished load of: file:///Users/jcoudsi/Library/Application%20Support/iPhone%20Simulator/7.0.3/Applications/B4240C88-DA12-44C9-A8D3-F2DA00E945AD/HelloWorld.app/www/index.html
2014-03-29 01:57:38.902 HelloWorld[17350:a0b] Multi-tasking -> Device: YES, App: YES
2014-03-29 01:57:39.008 HelloWorld[17350:a0b] Resetting plugins due to page load.
2014-03-29 01:57:39.058 HelloWorld[17350:a0b] Finished load of: file:///Users/jcoudsi/Library/Application%20Support/iPhone%20Simulator/7.0.3/Applications/B4240C88-DA12-44C9-A8D3-F2DA00E945AD/HelloWorld.app/www/index.html
2014-03-29 02:00:05.687 HelloWorld[17799:a0b] Multi-tasking -> Device: YES, App: YES
2014-03-29 02:00:05.792 HelloWorld[17799:a0b] Resetting plugins due to page load.
2014-03-29 02:00:05.839 HelloWorld[17799:a0b] Finished load of: file:///Users/jcoudsi/Library/Application%20Support/iPhone%20Simulator/7.0.3/Applications/B4240C88-DA12-44C9-A8D3-F2DA00E945AD/HelloWorld.app/www/index.html
2014-03-29 02:01:12.346 HelloWorld[18206:a0b] Multi-tasking -> Device: YES, App: YES
2014-03-29 02:01:12.457 HelloWorld[18206:a0b] Resetting plugins due to page load.
2014-03-29 02:01:12.505 HelloWorld[18206:a0b] Finished load of: file:///Users/jcoudsi/Library/Application%20Support/iPhone%20Simulator/7.0.3/Applications/B4240C88-DA12-44C9-A8D3-F2DA00E945AD/HelloWorld.app/www/index.html
2014-03-29 02:01:47.658 HelloWorld[18595:a0b] Multi-tasking -> Device: YES, App: YES
2014-03-29 02:01:47.769 HelloWorld[18595:a0b] Resetting plugins due to page load.
2014-03-29 02:01:47.823 HelloWorld[18595:a0b] Finished load of: file:///Users/jcoudsi/Library/Application%20Support/iPhone%20Simulator/7.0.3/Applications/B4240C88-DA12-44C9-A8D3-F2DA00E945AD/HelloWorld.app/www/index.html
2014-03-29 02:03:41.907 HelloWorld[19030:a0b] Multi-tasking -> Device: YES, App: YES
2014-03-29 02:03:42.047 HelloWorld[19030:a0b] Resetting plugins due to page load.
2014-03-29 02:03:42.092 HelloWorld[19030:a0b] Finished load of: file:///Users/jcoudsi/Library/Application%20Support/iPhone%20Simulator/7.0.3/Applications/B4240C88-DA12-44C9-A8D3-F2DA00E945AD/HelloWorld.app/www/index.html
2014-03-29 02:11:17.426 HelloWorld[19850:a0b] Multi-tasking -> Device: YES, App: YES
2014-03-29 02:11:17.540 HelloWorld[19850:a0b] Resetting plugins due to page load.
2014-03-29 02:11:17.592 HelloWorld[19850:a0b] Finished load of: file:///Users/jcoudsi/Library/Application%20Support/iPhone%20Simulator/7.0.3/Applications/B4240C88-DA12-44C9-A8D3-F2DA00E945AD/HelloWorld.app/www/index.html
2014-03-29 02:12:47.099 HelloWorld[20282:a0b] Multi-tasking -> Device: YES, App: YES
2014-03-29 02:12:47.206 HelloWorld[20282:a0b] Resetting plugins due to page load.
2014-03-29 02:12:47.255 HelloWorld[20282:a0b] Finished load of: file:///Users/jcoudsi/Library/Application%20Support/iPhone%20Simulator/7.0.3/Applications/B4240C88-DA12-44C9-A8D3-F2DA00E945AD/HelloWorld.app/www/index.html
2014-03-29 03:40:46.966 HelloWorld[24767:a0b] Multi-tasking -> Device: YES, App: YES
2014-03-29 03:40:47.087 HelloWorld[24767:a0b] Resetting plugins due to page load.
2014-03-29 03:40:47.141 HelloWorld[24767:a0b] Finished load of: file:///Users/jcoudsi/Library/Application%20Support/iPhone%20Simulator/7.0.3/Applications/B4240C88-DA12-44C9-A8D3-F2DA00E945AD/HelloWorld.app/www/index.html
2014-03-29 03:47:14.948 HelloWorld[25613:a0b] Multi-tasking -> Device: YES, App: YES
2014-03-29 03:47:15.071 HelloWorld[25613:a0b] Resetting plugins due to page load.
>>>> frameSizeChanged = 4096
>>>> frameSizeChanged = 4096
2014-03-29 03:47:15.790 HelloWorld[25613:a0b] Finished load of: file:///Users/jcoudsi/Library/Application%20Support/iPhone%20Simulator/7.0.3/Applications/B4240C88-DA12-44C9-A8D3-F2DA00E945AD/HelloWorld.app/www/index.html
2014-03-29 03:51:33.389 HelloWorld[26166:a0b] Multi-tasking -> Device: YES, App: YES
2014-03-29 03:51:33.525 HelloWorld[26166:a0b] Resetting plugins due to page load.
>>>> frameSizeChanged = 4096
>>>> frameSizeChanged = 4096
2014-03-29 03:51:33.683 HelloWorld[26166:a0b] Finished load of: file:///Users/jcoudsi/Library/Application%20Support/iPhone%20Simulator/7.0.3/Applications/B4240C88-DA12-44C9-A8D3-F2DA00E945AD/HelloWorld.app/www/index.html
2014-03-29 04:04:41.113 HelloWorld[28818:a0b] Multi-tasking -> Device: YES, App: YES
2014-03-29 04:04:41.252 HelloWorld[28818:a0b] Resetting plugins due to page load.
>>>> frameSizeChanged = 4096
>>>> frameSizeChanged = 4096
2014-03-29 04:04:41.411 HelloWorld[28818:a0b] Finished load of: file:///Users/jcoudsi/Library/Application%20Support/iPhone%20Simulator/7.0.3/Applications/B4240C88-DA12-44C9-A8D3-F2DA00E945AD/HelloWorld.app/www/index.html
2014-03-29 04:05:39.625 HelloWorld[29464:a0b] Multi-tasking -> Device: YES, App: YES
2014-03-29 04:05:39.744 HelloWorld[29464:a0b] Resetting plugins due to page load.
>>>> frameSizeChanged = 4096
>>>> frameSizeChanged = 4096
2014-03-29 04:05:39.896 HelloWorld[29464:a0b] Finished load of: file:///Users/jcoudsi/Library/Application%20Support/iPhone%20Simulator/7.0.3/Applications/B4240C88-DA12-44C9-A8D3-F2DA00E945AD/HelloWorld.app/www/index.html
2014-03-29 04:07:48.338 HelloWorld[29943:a0b] Multi-tasking -> Device: YES, App: YES
2014-03-29 04:07:48.507 HelloWorld[29943:a0b] Resetting plugins due to page load.
>>>> frameSizeChanged = 4096
>>>> frameSizeChanged = 4096
2014-03-29 04:07:49.158 HelloWorld[29943:a0b] Finished load of: file:///Users/jcoudsi/Library/Application%20Support/iPhone%20Simulator/7.0.3/Applications/B4240C88-DA12-44C9-A8D3-F2DA00E945AD/HelloWorld.app/www/index.html
2014-03-29 04:10:03.213 HelloWorld[30422:a0b] Multi-tasking -> Device: YES, App: YES
2014-03-29 04:10:03.330 HelloWorld[30422:a0b] Resetting plugins due to page load.
>>>> frameSizeChanged = 4096
>>>> frameSizeChanged = 4096
2014-03-29 04:10:03.987 HelloWorld[30422:a0b] Finished load of: file:///Users/jcoudsi/Library/Application%20Support/iPhone%20Simulator/7.0.3/Applications/B4240C88-DA12-44C9-A8D3-F2DA00E945AD/HelloWorld.app/www/index.html
2014-03-29 04:12:29.228 HelloWorld[30908:a0b] Multi-tasking -> Device: YES, App: YES
2014-03-29 04:12:29.344 HelloWorld[30908:a0b] Resetting plugins due to page load.
>>>> frameSizeChanged = 4096
>>>> frameSizeChanged = 4096
2014-03-29 04:12:29.487 HelloWorld[30908:a0b] Finished load of: file:///Users/jcoudsi/Library/Application%20Support/iPhone%20Simulator/7.0.3/Applications/B4240C88-DA12-44C9-A8D3-F2DA00E945AD/HelloWorld.app/www/index.html
2014-03-29 04:13:07.409 HelloWorld[31157:a0b] Multi-tasking -> Device: YES, App: YES
2014-03-29 04:13:07.520 HelloWorld[31157:a0b] Resetting plugins due to page load.
>>>> frameSizeChanged = 4096
>>>> frameSizeChanged = 4096
2014-03-29 04:13:08.167 HelloWorld[31157:a0b] Finished load of: file:///Users/jcoudsi/Library/Application%20Support/iPhone%20Simulator/7.0.3/Applications/B4240C88-DA12-44C9-A8D3-F2DA00E945AD/HelloWorld.app/www/index.html
2014-03-29 04:18:21.246 HelloWorld[31748:a0b] Multi-tasking -> Device: YES, App: YES
2014-03-29 04:18:21.396 HelloWorld[31748:a0b] Resetting plugins due to page load.
>>>> frameSizeChanged = 4096
>>>> frameSizeChanged = 4096
2014-03-29 04:18:21.595 HelloWorld[31748:a0b] Finished load of: file:///Users/jcoudsi/Library/Application%20Support/iPhone%20Simulator/7.0.3/Applications/B4240C88-DA12-44C9-A8D3-F2DA00E945AD/HelloWorld.app/www/index.html
